# JRE version: Java(TM) SE Runtime Environment (22.0.1+8) (build 22.0.1+8-16)
# Java VM: Java HotSpot(TM) 64-Bit Server VM (22.0.1+8-16, mixed mode, emulated-client, sharing, tiered, compressed oops, compressed class ptrs, g1 gc, windows-amd64)
GC Precious Log:
 CardTable entry size: 512
 Card Set container configuration: InlinePtr #cards 5 size 8 Array Of Cards #cards 12 size 40 Howl #buckets 4 coarsen threshold 1843 Howl Bitmap #cards 512 size 80 coarsen threshold 460 Card regions per heap region 1 cards per card region 2048
 CPUs: 8 total, 8 available
 Memory: 6030M
 Large Page Support: Disabled
 NUMA Support: Disabled
 Compressed Oops: Enabled (32-bit)
 Heap Region Size: 1M
 Heap Min Capacity: 8M
 Heap Initial Capacity: 96M
 Heap Max Capacity: 1508M
 Pre-touch: Disabled
 Parallel Workers: 8
 Concurrent Workers: 2
 Concurrent Refinement Workers: 8
 Periodic GC: Disabled
Heap:
 garbage-first heap   total reserved 1544192K, committed 185344K, used 98142K [0x00000000a1c00000, 0x0000000100000000)
  region size 1024K, 16 young (16384K), 5 survivors (5120K)
 Metaspace       used 122378K, committed 123648K, reserved 1179648K
  class space    used 17630K, committed 18176K, reserved 1048576K
GC Heap History (20 events):
Event: 14172.165 GC heap after
{Heap after GC invocations=83 (full 6):
 garbage-first heap   total reserved 1544192K, committed 185344K, used 82028K [0x00000000a1c00000, 0x0000000100000000)
  region size 1024K, 8 young (8192K), 8 survivors (8192K)
 Metaspace       used 118876K, committed 120064K, reserved 1179648K
  class space    used 17339K, committed 17856K, reserved 1048576K
}
Event: 15035.745 GC heap before
{Heap before GC invocations=83 (full 6):
 garbage-first heap   total reserved 1544192K, committed 185344K, used 151660K [0x00000000a1c00000, 0x0000000100000000)
  region size 1024K, 77 young (78848K), 8 survivors (8192K)
 Metaspace       used 118879K, committed 120064K, reserved 1179648K
  class space    used 17339K, committed 17856K, reserved 1048576K
}
Event: 15036.933 GC heap after
{Heap after GC invocations=84 (full 7):
 garbage-first heap   total reserved 1544192K, committed 185344K, used 67778K [0x00000000a1c00000, 0x0000000100000000)
  region size 1024K, 0 young (0K), 0 survivors (0K)
 Metaspace       used 118521K, committed 120064K, reserved 1179648K
  class space    used 17243K, committed 17856K, reserved 1048576K
}
Event: 15040.379 GC heap before
{Heap before GC invocations=84 (full 7):
 garbage-first heap   total reserved 1544192K, committed 185344K, used 168130K [0x00000000a1c00000, 0x0000000100000000)
  region size 1024K, 99 young (101376K), 0 survivors (0K)
 Metaspace       used 119132K, committed 120256K, reserved 1179648K
  class space    used 17333K, committed 17856K, reserved 1048576K
}
Event: 15040.411 GC heap after
{Heap after GC invocations=85 (full 7):
 garbage-first heap   total reserved 1544192K, committed 185344K, used 76664K [0x00000000a1c00000, 0x0000000100000000)
  region size 1024K, 9 young (9216K), 9 survivors (9216K)
 Metaspace       used 119132K, committed 120256K, reserved 1179648K
  class space    used 17333K, committed 17856K, reserved 1048576K
}
Event: 15052.975 GC heap before
{Heap before GC invocations=86 (full 7):
 garbage-first heap   total reserved 1544192K, committed 185344K, used 159608K [0x00000000a1c00000, 0x0000000100000000)
  region size 1024K, 91 young (93184K), 9 survivors (9216K)
 Metaspace       used 119739K, committed 120960K, reserved 1179648K
  class space    used 17407K, committed 17984K, reserved 1048576K
}
Event: 15053.193 GC heap after
{Heap after GC invocations=87 (full 8):
 garbage-first heap   total reserved 1544192K, committed 185344K, used 70239K [0x00000000a1c00000, 0x0000000100000000)
  region size 1024K, 0 young (0K), 0 survivors (0K)
 Metaspace       used 119624K, committed 120960K, reserved 1179648K
  class space    used 17378K, committed 17984K, reserved 1048576K
}
Event: 15054.616 GC heap before
{Heap before GC invocations=87 (full 8):
 garbage-first heap   total reserved 1544192K, committed 185344K, used 165471K [0x00000000a1c00000, 0x0000000100000000)
  region size 1024K, 94 young (96256K), 0 survivors (0K)
 Metaspace       used 120079K, committed 121280K, reserved 1179648K
  class space    used 17434K, committed 17984K, reserved 1048576K
}
Event: 15054.623 GC heap after
{Heap after GC invocations=88 (full 8):
 garbage-first heap   total reserved 1544192K, committed 185344K, used 77113K [0x00000000a1c00000, 0x0000000100000000)
  region size 1024K, 7 young (7168K), 7 survivors (7168K)
 Metaspace       used 120079K, committed 121280K, reserved 1179648K
  class space    used 17434K, committed 17984K, reserved 1048576K
}
Event: 15067.032 GC heap before
{Heap before GC invocations=89 (full 8):
 garbage-first heap   total reserved 1544192K, committed 185344K, used 156985K [0x00000000a1c00000, 0x0000000100000000)
  region size 1024K, 86 young (88064K), 7 survivors (7168K)
 Metaspace       used 120548K, committed 121728K, reserved 1179648K
  class space    used 17471K, committed 17984K, reserved 1048576K
}
Event: 15067.276 GC heap after
{Heap after GC invocations=90 (full 9):
 garbage-first heap   total reserved 1544192K, committed 185344K, used 74166K [0x00000000a1c00000, 0x0000000100000000)
  region size 1024K, 0 young (0K), 0 survivors (0K)
 Metaspace       used 120537K, committed 121728K, reserved 1179648K
  class space    used 17468K, committed 17984K, reserved 1048576K
}
Event: 15068.690 GC heap before
{Heap before GC invocations=90 (full 9):
 garbage-first heap   total reserved 1544192K, committed 185344K, used 166326K [0x00000000a1c00000, 0x0000000100000000)
  region size 1024K, 91 young (93184K), 0 survivors (0K)
 Metaspace       used 120957K, committed 122176K, reserved 1179648K
  class space    used 17508K, committed 18048K, reserved 1048576K
}
Event: 15068.696 GC heap after
{Heap after GC invocations=91 (full 9):
 garbage-first heap   total reserved 1544192K, committed 185344K, used 80786K [0x00000000a1c00000, 0x0000000100000000)
  region size 1024K, 7 young (7168K), 7 survivors (7168K)
 Metaspace       used 120957K, committed 122176K, reserved 1179648K
  class space    used 17508K, committed 18048K, reserved 1048576K
}
Event: 15076.005 GC heap before
{Heap before GC invocations=92 (full 9):
 garbage-first heap   total reserved 1544192K, committed 185344K, used 163730K [0x00000000a1c00000, 0x0000000100000000)
  region size 1024K, 89 young (91136K), 7 survivors (7168K)
 Metaspace       used 121457K, committed 122688K, reserved 1179648K
  class space    used 17549K, committed 18112K, reserved 1048576K
}
Event: 15076.131 GC heap after
{Heap after GC invocations=93 (full 10):
 garbage-first heap   total reserved 1544192K, committed 185344K, used 78118K [0x00000000a1c00000, 0x0000000100000000)
  region size 1024K, 0 young (0K), 0 survivors (0K)
 Metaspace       used 121449K, committed 122688K, reserved 1179648K
  class space    used 17547K, committed 18112K, reserved 1048576K
}
Event: 15077.421 GC heap before
{Heap before GC invocations=93 (full 10):
 garbage-first heap   total reserved 1544192K, committed 185344K, used 165158K [0x00000000a1c00000, 0x0000000100000000)
  region size 1024K, 86 young (88064K), 0 survivors (0K)
 Metaspace       used 121862K, committed 123136K, reserved 1179648K
  class space    used 17586K, committed 18176K, reserved 1048576K
}
Event: 15077.427 GC heap after
{Heap after GC invocations=94 (full 10):
 garbage-first heap   total reserved 1544192K, committed 185344K, used 84569K [0x00000000a1c00000, 0x0000000100000000)
  region size 1024K, 7 young (7168K), 7 survivors (7168K)
 Metaspace       used 121862K, committed 123136K, reserved 1179648K
  class space    used 17586K, committed 18176K, reserved 1048576K
}
Event: 15078.306 GC heap before
{Heap before GC invocations=95 (full 10):
 garbage-first heap   total reserved 1544192K, committed 185344K, used 163417K [0x00000000a1c00000, 0x0000000100000000)
  region size 1024K, 84 young (86016K), 7 survivors (7168K)
 Metaspace       used 122376K, committed 123648K, reserved 1179648K
  class space    used 17630K, committed 18176K, reserved 1048576K
}
Event: 15078.314 GC heap after
{Heap after GC invocations=96 (full 10):
 garbage-first heap   total reserved 1544192K, committed 185344K, used 87902K [0x00000000a1c00000, 0x0000000100000000)
  region size 1024K, 5 young (5120K), 5 survivors (5120K)
 Metaspace       used 122376K, committed 123648K, reserved 1179648K
  class space    used 17630K, committed 18176K, reserved 1048576K
}
Event: 15090.874 GC heap before
{Heap before GC invocations=96 (full 10):
 garbage-first heap   total reserved 1544192K, committed 185344K, used 98142K [0x00000000a1c00000, 0x0000000100000000)
  region size 1024K, 16 young (16384K), 5 survivors (5120K)
 Metaspace       used 122378K, committed 123648K, reserved 1179648K
  class space    used 17630K, committed 18176K, reserved 1048576K
}

